build/app/intermediates/manifest_merge_blame_file/debug/manifest-merger-blame-debug-report.txt
1<?xml version="1.0" encoding="utf-8"?>
2<manifest xmlns:android="http://schemas.android.com/apk/res/android"
3    package="com.hwconsultant.dualarim.dualarim"
4    android:versionCode="1"
5    android:versionName="1.0.0" >
6
7    <uses-sdk
8        android:minSdkVersion="16"
9        android:targetSdkVersion="28" />
10    <!--
11         Flutter needs it to communicate with the running application
12         to allow setting breakpoints, to provide hot reload, etc.
13    -->
14    <uses-permission android:name="android.permission.INTERNET" />
14-->src/main/AndroidManifest.xml:3:5-67
14-->src/main/AndroidManifest.xml:3:22-64
15    <uses-permission android:name="android.permission.ACCESS_NETWORK_STATE" />
15-->[com.google.android.gms:play-services-measurement:17.2.2] AndroidManifest.xml:24:5-79
15-->[com.google.android.gms:play-services-measurement:17.2.2] AndroidManifest.xml:24:22-76
16    <uses-permission android:name="android.permission.WAKE_LOCK" />
16-->[com.google.android.gms:play-services-measurement:17.2.2] AndroidManifest.xml:25:5-68
16-->[com.google.android.gms:play-services-measurement:17.2.2] AndroidManifest.xml:25:22-65
17    <uses-permission android:name="com.google.android.finsky.permission.BIND_GET_INSTALL_REFERRER_SERVICE" /> <!-- Required by older versions of Google Play services to create IID tokens -->
17-->[com.google.android.gms:play-services-measurement:17.2.2] AndroidManifest.xml:26:5-110
17-->[com.google.android.gms:play-services-measurement:17.2.2] AndroidManifest.xml:26:22-107
18    <uses-permission android:name="com.google.android.c2dm.permission.RECEIVE" />
18-->[com.google.firebase:firebase-iid:20.0.2] AndroidManifest.xml:26:5-82
18-->[com.google.firebase:firebase-iid:20.0.2] AndroidManifest.xml:26:22-79
19
20    <application
20-->src/main/AndroidManifest.xml:5:5-26:19
21        android:name="io.flutter.app.FlutterApplication"
21-->src/main/AndroidManifest.xml:6:9-57
22        android:appComponentFactory="androidx.core.app.CoreComponentFactory"
22-->[androidx.core:core:1.0.0] AndroidManifest.xml:22:18-86
23        android:debuggable="true"
24        android:icon="@mipmap/ic_launcher"
24-->src/main/AndroidManifest.xml:8:9-43
25        android:label="dualarim" >
25-->src/main/AndroidManifest.xml:7:9-33
26        <activity
26-->src/main/AndroidManifest.xml:9:9-20:20
27            android:name="com.hwconsultant.dualarim.dualarim.MainActivity"
27-->src/main/AndroidManifest.xml:10:13-41
28            android:configChanges="orientation|keyboardHidden|keyboard|screenSize|smallestScreenSize|locale|layoutDirection|fontScale|screenLayout|density|uiMode"
28-->src/main/AndroidManifest.xml:13:13-163
29            android:hardwareAccelerated="true"
29-->src/main/AndroidManifest.xml:14:13-47
30            android:launchMode="singleTop"
30-->src/main/AndroidManifest.xml:11:13-43
31            android:theme="@style/LaunchTheme"
31-->src/main/AndroidManifest.xml:12:13-47
32            android:windowSoftInputMode="adjustResize" >
32-->src/main/AndroidManifest.xml:15:13-55
33            <intent-filter>
33-->src/main/AndroidManifest.xml:16:13-19:29
34                <action android:name="android.intent.action.MAIN" />
34-->src/main/AndroidManifest.xml:17:17-68
34-->src/main/AndroidManifest.xml:17:25-66
35
36                <category android:name="android.intent.category.LAUNCHER" />
36-->src/main/AndroidManifest.xml:18:17-76
36-->src/main/AndroidManifest.xml:18:27-74
37            </intent-filter>
38        </activity>
39        <!--
40             Don't delete the meta-data below.
41             This is used by the Flutter tool to generate GeneratedPluginRegistrant.java
42        -->
43        <meta-data
43-->src/main/AndroidManifest.xml:23:9-25:33
44            android:name="flutterEmbedding"
44-->src/main/AndroidManifest.xml:24:13-44
45            android:value="2" />
45-->src/main/AndroidManifest.xml:25:13-30
46
47        <service
47-->[:firebase_remote_config] AndroidManifest.xml:8:9-12:19
48            android:name="com.google.firebase.components.ComponentDiscoveryService"
48-->[:firebase_remote_config] AndroidManifest.xml:8:18-89
49            android:directBootAware="true"
49-->[com.google.firebase:firebase-common:19.3.0] AndroidManifest.xml:34:13-43
50            android:exported="false" >
50-->[com.google.android.gms:play-services-measurement-api:17.2.2] AndroidManifest.xml:29:13-37
51            <meta-data
51-->[:firebase_remote_config] AndroidManifest.xml:9:13-11:85
52                android:name="com.google.firebase.components:io.flutter.plugins.firebase.firebaseremoteconfig.FlutterFirebaseAppRegistrar"
52-->[:firebase_remote_config] AndroidManifest.xml:10:17-139
53                android:value="com.google.firebase.components.ComponentRegistrar" />
53-->[:firebase_remote_config] AndroidManifest.xml:11:17-82
54            <meta-data
54-->[com.google.android.gms:play-services-measurement-api:17.2.2] AndroidManifest.xml:30:13-32:85
55                android:name="com.google.firebase.components:com.google.firebase.analytics.connector.internal.AnalyticsConnectorRegistrar"
55-->[com.google.android.gms:play-services-measurement-api:17.2.2] AndroidManifest.xml:31:17-139
56                android:value="com.google.firebase.components.ComponentRegistrar" />
56-->[com.google.android.gms:play-services-measurement-api:17.2.2] AndroidManifest.xml:32:17-82
57            <meta-data
57-->[com.google.firebase:firebase-config:19.0.3] AndroidManifest.xml:32:13-34:85
58                android:name="com.google.firebase.components:com.google.firebase.remoteconfig.RemoteConfigRegistrar"
58-->[com.google.firebase:firebase-config:19.0.3] AndroidManifest.xml:33:17-117
59                android:value="com.google.firebase.components.ComponentRegistrar" />
59-->[com.google.firebase:firebase-config:19.0.3] AndroidManifest.xml:34:17-82
60            <meta-data
60-->[com.google.firebase:firebase-iid:20.0.2] AndroidManifest.xml:32:13-34:85
61                android:name="com.google.firebase.components:com.google.firebase.iid.Registrar"
61-->[com.google.firebase:firebase-iid:20.0.2] AndroidManifest.xml:33:17-96
62                android:value="com.google.firebase.components.ComponentRegistrar" />
62-->[com.google.firebase:firebase-iid:20.0.2] AndroidManifest.xml:34:17-82
63            <meta-data
63-->[com.google.firebase:firebase-abt:19.0.0] AndroidManifest.xml:13:13-15:85
64                android:name="com.google.firebase.components:com.google.firebase.abt.component.AbtRegistrar"
64-->[com.google.firebase:firebase-abt:19.0.0] AndroidManifest.xml:14:17-109
65                android:value="com.google.firebase.components.ComponentRegistrar" />
65-->[com.google.firebase:firebase-abt:19.0.0] AndroidManifest.xml:15:17-82
66        </service>
67
68        <receiver
68-->[com.google.android.gms:play-services-measurement:17.2.2] AndroidManifest.xml:29:9-33:20
69            android:name="com.google.android.gms.measurement.AppMeasurementReceiver"
69-->[com.google.android.gms:play-services-measurement:17.2.2] AndroidManifest.xml:30:13-85
70            android:enabled="true"
70-->[com.google.android.gms:play-services-measurement:17.2.2] AndroidManifest.xml:31:13-35
71            android:exported="false" >
71-->[com.google.android.gms:play-services-measurement:17.2.2] AndroidManifest.xml:32:13-37
72        </receiver>
73        <receiver
73-->[com.google.android.gms:play-services-measurement:17.2.2] AndroidManifest.xml:34:9-42:20
74            android:name="com.google.android.gms.measurement.AppMeasurementInstallReferrerReceiver"
74-->[com.google.android.gms:play-services-measurement:17.2.2] AndroidManifest.xml:35:13-100
75            android:enabled="true"
75-->[com.google.android.gms:play-services-measurement:17.2.2] AndroidManifest.xml:36:13-35
76            android:exported="true"
76-->[com.google.android.gms:play-services-measurement:17.2.2] AndroidManifest.xml:37:13-36
77            android:permission="android.permission.INSTALL_PACKAGES" >
77-->[com.google.android.gms:play-services-measurement:17.2.2] AndroidManifest.xml:38:13-69
78            <intent-filter>
78-->[com.google.android.gms:play-services-measurement:17.2.2] AndroidManifest.xml:39:13-41:29
79                <action android:name="com.android.vending.INSTALL_REFERRER" />
79-->[com.google.android.gms:play-services-measurement:17.2.2] AndroidManifest.xml:40:17-79
79-->[com.google.android.gms:play-services-measurement:17.2.2] AndroidManifest.xml:40:25-76
80            </intent-filter>
81        </receiver>
82
83        <service
83-->[com.google.android.gms:play-services-measurement:17.2.2] AndroidManifest.xml:44:9-47:40
84            android:name="com.google.android.gms.measurement.AppMeasurementService"
84-->[com.google.android.gms:play-services-measurement:17.2.2] AndroidManifest.xml:45:13-84
85            android:enabled="true"
85-->[com.google.android.gms:play-services-measurement:17.2.2] AndroidManifest.xml:46:13-35
86            android:exported="false" />
86-->[com.google.android.gms:play-services-measurement:17.2.2] AndroidManifest.xml:47:13-37
87        <service
87-->[com.google.android.gms:play-services-measurement:17.2.2] AndroidManifest.xml:48:9-52:72
88            android:name="com.google.android.gms.measurement.AppMeasurementJobService"
88-->[com.google.android.gms:play-services-measurement:17.2.2] AndroidManifest.xml:49:13-87
89            android:enabled="true"
89-->[com.google.android.gms:play-services-measurement:17.2.2] AndroidManifest.xml:50:13-35
90            android:exported="false"
90-->[com.google.android.gms:play-services-measurement:17.2.2] AndroidManifest.xml:51:13-37
91            android:permission="android.permission.BIND_JOB_SERVICE" />
91-->[com.google.android.gms:play-services-measurement:17.2.2] AndroidManifest.xml:52:13-69
92
93        <receiver
93-->[com.google.firebase:firebase-iid:20.0.2] AndroidManifest.xml:37:9-44:20
94            android:name="com.google.firebase.iid.FirebaseInstanceIdReceiver"
94-->[com.google.firebase:firebase-iid:20.0.2] AndroidManifest.xml:38:13-78
95            android:exported="true"
95-->[com.google.firebase:firebase-iid:20.0.2] AndroidManifest.xml:39:13-36
96            android:permission="com.google.android.c2dm.permission.SEND" >
96-->[com.google.firebase:firebase-iid:20.0.2] AndroidManifest.xml:40:13-73
97            <intent-filter>
97-->[com.google.firebase:firebase-iid:20.0.2] AndroidManifest.xml:41:13-43:29
98                <action android:name="com.google.android.c2dm.intent.RECEIVE" />
98-->[com.google.firebase:firebase-iid:20.0.2] AndroidManifest.xml:42:17-81
98-->[com.google.firebase:firebase-iid:20.0.2] AndroidManifest.xml:42:25-78
99            </intent-filter>
100        </receiver>
101
102        <provider
102-->[com.google.firebase:firebase-common:19.3.0] AndroidManifest.xml:26:9-30:39
103            android:name="com.google.firebase.provider.FirebaseInitProvider"
103-->[com.google.firebase:firebase-common:19.3.0] AndroidManifest.xml:27:13-77
104            android:authorities="com.hwconsultant.dualarim.dualarim.firebaseinitprovider"
104-->[com.google.firebase:firebase-common:19.3.0] AndroidManifest.xml:28:13-72
105            android:exported="false"
105-->[com.google.firebase:firebase-common:19.3.0] AndroidManifest.xml:29:13-37
106            android:initOrder="100" />
106-->[com.google.firebase:firebase-common:19.3.0] AndroidManifest.xml:30:13-36
107
108        <activity
108-->[com.google.android.gms:play-services-base:17.0.0] AndroidManifest.xml:23:9-26:75
109            android:name="com.google.android.gms.common.api.GoogleApiActivity"
109-->[com.google.android.gms:play-services-base:17.0.0] AndroidManifest.xml:24:13-79
110            android:exported="false"
110-->[com.google.android.gms:play-services-base:17.0.0] AndroidManifest.xml:25:13-37
111            android:theme="@android:style/Theme.Translucent.NoTitleBar" />
111-->[com.google.android.gms:play-services-base:17.0.0] AndroidManifest.xml:26:13-72
112
113        <meta-data
113-->[com.google.android.gms:play-services-basement:17.0.0] AndroidManifest.xml:23:9-25:69
114            android:name="com.google.android.gms.version"
114-->[com.google.android.gms:play-services-basement:17.0.0] AndroidManifest.xml:24:13-58
115            android:value="@integer/google_play_services_version" />
115-->[com.google.android.gms:play-services-basement:17.0.0] AndroidManifest.xml:25:13-66
116    </application>
117
118</manifest>